[17-Aug-2025 09:39:59 UTC] 1
[17-Aug-2025 09:39:59 UTC] {"contactDetails":"","products":{"predefined":[],"custom":""},"targetCountry":{"predefined":"","custom":""},"additionalComment":""}
[17-Aug-2025 09:40:03 UTC] 1
[17-Aug-2025 09:40:03 UTC] replyToMessageId:111
[17-Aug-2025 09:40:03 UTC] userResponse:Igor
[17-Aug-2025 09:40:03 UTC] {"contactDetails":"Igor","products":{"predefined":[],"custom":""},"targetCountry":{"predefined":"","custom":""},"additionalComment":""}
[18-Aug-2025 07:53:02 UTC] PHP Warning:  Module "redis" is already loaded in Unknown on line 0
[18-Aug-2025 08:01:24 UTC] PHP Warning:  Module "redis" is already loaded in Unknown on line 0
[18-Aug-2025 08:04:50 UTC] PHP Warning:  Module "redis" is already loaded in Unknown on line 0
[18-Aug-2025 08:05:50 UTC] PHP Warning:  Module "redis" is already loaded in Unknown on line 0
[18-Aug-2025 08:06:04 UTC] PHP Warning:  Module "redis" is already loaded in Unknown on line 0
[18-Aug-2025 08:06:04 UTC] PHP Warning:  Module "redis" is already loaded in Unknown on line 0
[18-Aug-2025 08:08:50 UTC] PHP Warning:  Module "redis" is already loaded in Unknown on line 0
[18-Aug-2025 08:09:23 UTC] PHP Warning:  Module "redis" is already loaded in Unknown on line 0
[18-Aug-2025 08:14:57 UTC] PHP Warning:  Module "redis" is already loaded in Unknown on line 0
[18-Aug-2025 08:17:59 UTC] PHP Warning:  Module "redis" is already loaded in Unknown on line 0
[18-Aug-2025 08:18:09 UTC] PHP Warning:  Module "redis" is already loaded in Unknown on line 0
[18-Aug-2025 08:20:54 UTC] PHP Warning:  Module "redis" is already loaded in Unknown on line 0
[18-Aug-2025 08:21:30 UTC] PHP Warning:  Module "redis" is already loaded in Unknown on line 0
[18-Aug-2025 08:26:47 UTC] PHP Warning:  Module "redis" is already loaded in Unknown on line 0
[18-Aug-2025 08:52:16 UTC] PHP Warning:  Module "redis" is already loaded in Unknown on line 0
[18-Aug-2025 09:02:19 UTC] Xdebug: [Step Debug] Could not connect to debugging client. Tried: host.docker.internal:9003 (through xdebug.client_host/xdebug.client_port).
[18-Aug-2025 09:02:20 UTC] Xdebug: [Step Debug] Could not connect to debugging client. Tried: host.docker.internal:9003 (through xdebug.client_host/xdebug.client_port).
